nohup: ignoring input

> proshop2@2.0.0 start
> node backend/server.js

node:events:496
      throw er; // Unhandled 'error' event
      ^

Error: listen EADDRINUSE: address already in use :::5000
    at Server.setupListenHandle [as _listen2] (node:net:1872:16)
    at listenInCluster (node:net:1920:12)
    at Server.listen (node:net:2008:7)
    at Function.listen (C:\Users\taro\Documents\TEMP\PORTFOLIO\proshop-v2\node_modules\express\lib\application.js:635:24)
    at file:///C:/Users/taro/Documents/TEMP/PORTFOLIO/proshop-v2/backend/server.js:51:5
    at ModuleJob.run (node:internal/modules/esm/module_job:218:25)
    at async ModuleLoader.import (node:internal/modules/esm/loader:329:24)
    at async loadESM (node:internal/process/esm_loader:28:7)
    at async handleMainPromise (node:internal/modules/run_main:113:12)
Emitted 'error' event on Server instance at:
    at emitErrorNT (node:net:1899:8)
    at process.processTicksAndRejections (node:internal/process/task_queues:82:21) {
  code: 'EADDRINUSE',
  errno: -4091,
  syscall: 'listen',
  address: '::',
  port: 5000
}

Node.js v20.11.0
